<?xml version="1.0" encoding="UTF-8"?>
<!-- Generated by org.testng.reporters.JUnitReportReporter -->
<testsuite hostname="LAPTOP-9G4CLOVP" failures="0" tests="1" name="com.hackathon.testRunner.testRun" time="3.499" errors="1" timestamp="2024-02-17T16:16:12 IST" skipped="0">
  <testcase classname="com.hackathon.testRunner.testRun" name="runScenario" time="3.499">
    <error message="element click intercepted: Element &lt;td id=&quot;year...&quot; class=&quot;col-2 col-lg-1 paymentyear toggle&quot;&gt;2024&lt;/td&gt; is not clickable at point (280, 678). Other element would receive the click: &lt;iframe id=&quot;aswift_11&quot; name=&quot;aswift_11&quot; style=&quot;width: 1005px !important; height: 124px !important; display: block; margin: 0px auto;&quot; sandbox=&quot;allow-forms allow-popups allow-popups-to-escape-sandbox allow-same-origin allow-scripts allow-top-navigation-by-user-activation&quot; width=&quot;1005&quot; height=&quot;124&quot; frameborder=&quot;0&quot; marginwidth=&quot;0&quot; marginheight=&quot;0&quot; vspace=&quot;0&quot; hspace=&quot;0&quot; allowtransparency=&quot;true&quot; scrolling=&quot;no&quot; src=&quot;https://googleads.g.doubleclick.net/pagead/html/r20240215/r20110914/zrt_lookup_fy2021.html?fsb=1#RS-3-&amp;amp;adk=1812271801&amp;amp;client=ca-pub-6020664305604651&amp;amp;fa=1&amp;amp;ifi=12&amp;amp;uci=a!c&amp;amp;btvi=3&quot; data-google-container-id=&quot;a!c&quot; data-google-query-id=&quot;CLmjp4yZsoQDFZhpfQodsEQNEQ&quot; data-load-complete=&quot;true&quot;&gt;&lt;/iframe&gt;
  (Session info: chrome=121.0.6167.161)
Build info: version: &#039;4.17.0&#039;, revision: &#039;e52b1be057*&#039;
System info: os.name: &#039;Windows 11&#039;, os.arch: &#039;amd64&#039;, os.version: &#039;10.0&#039;, java.version: &#039;20.0.1&#039;
Driver info: org.openqa.selenium.chrome.ChromeDriver
Command: [0d43d324f1b24053ee273f98ef40fd40, clickElement {id=0D76DE06F4205BD4B2E03C59EC5C729A_element_51}]
Capabilities {acceptInsecureCerts: false, browserName: chrome, browserVersion: 121.0.6167.161, chrome: {chromedriverVersion: 121.0.6167.184 (057a8ae7deb..., userDataDir: C:\Users\Kaustubh\AppData\L...}, fedcm:accounts: true, goog:chromeOptions: {debuggerAddress: localhost:59310}, networkConnectionEnabled: false, pageLoadStrategy: normal, platformName: windows, proxy: Proxy(), se:cdp: ws://localhost:59310/devtoo..., se:cdpVersion: 121.0.6167.161, setWindowRect: true, strictFileInteractability: false, timeouts: {implicit: 0, pageLoad: 300000, script: 30000}, unhandledPromptBehavior: dismiss and notify, webauthn:extension:credBlob: true, webauthn:extension:largeBlob: true, webauthn:extension:minPinLength: true, webauthn:extension:prf: true, webauthn:virtualAuthenticators: true}
Element: [[ChromeDriver: chrome on windows (0d43d324f1b24053ee273f98ef40fd40)] -&gt; xpath: (//*[normalize-space()=&#039;2024&#039;])[2]]
Session ID: 0d43d324f1b24053ee273f98ef40fd40" type="org.openqa.selenium.ElementClickInterceptedException">
      <![CDATA[org.openqa.selenium.ElementClickInterceptedException: element click intercepted: Element <td id="year..." class="col-2 col-lg-1 paymentyear toggle">2024</td> is not clickable at point (280, 678). Other element would receive the click: <iframe id="aswift_11" name="aswift_11" style="width: 1005px !important; height: 124px !important; display: block; margin: 0px auto;" sandbox="allow-forms allow-popups allow-popups-to-escape-sandbox allow-same-origin allow-scripts allow-top-navigation-by-user-activation" width="1005" height="124" frameborder="0" marginwidth="0" marginheight="0" vspace="0" hspace="0" allowtransparency="true" scrolling="no" src="https://googleads.g.doubleclick.net/pagead/html/r20240215/r20110914/zrt_lookup_fy2021.html?fsb=1#RS-3-&amp;adk=1812271801&amp;client=ca-pub-6020664305604651&amp;fa=1&amp;ifi=12&amp;uci=a!c&amp;btvi=3" data-google-container-id="a!c" data-google-query-id="CLmjp4yZsoQDFZhpfQodsEQNEQ" data-load-complete="true"></iframe>
  (Session info: chrome=121.0.6167.161)
Build info: version: '4.17.0', revision: 'e52b1be057*'
System info: os.name: 'Windows 11', os.arch: 'amd64', os.version: '10.0', java.version: '20.0.1'
Driver info: org.openqa.selenium.chrome.ChromeDriver
Command: [0d43d324f1b24053ee273f98ef40fd40, clickElement {id=0D76DE06F4205BD4B2E03C59EC5C729A_element_51}]
Capabilities {acceptInsecureCerts: false, browserName: chrome, browserVersion: 121.0.6167.161, chrome: {chromedriverVersion: 121.0.6167.184 (057a8ae7deb..., userDataDir: C:\Users\Kaustubh\AppData\L...}, fedcm:accounts: true, goog:chromeOptions: {debuggerAddress: localhost:59310}, networkConnectionEnabled: false, pageLoadStrategy: normal, platformName: windows, proxy: Proxy(), se:cdp: ws://localhost:59310/devtoo..., se:cdpVersion: 121.0.6167.161, setWindowRect: true, strictFileInteractability: false, timeouts: {implicit: 0, pageLoad: 300000, script: 30000}, unhandledPromptBehavior: dismiss and notify, webauthn:extension:credBlob: true, webauthn:extension:largeBlob: true, webauthn:extension:minPinLength: true, webauthn:extension:prf: true, webauthn:virtualAuthenticators: true}
Element: [[ChromeDriver: chrome on windows (0d43d324f1b24053ee273f98ef40fd40)] -> xpath: (//*[normalize-space()='2024'])[2]]
Session ID: 0d43d324f1b24053ee273f98ef40fd40
at java.base/jdk.internal.reflect.DirectConstructorHandleAccessor.newInstance(DirectConstructorHandleAccessor.java:67)
at java.base/java.lang.reflect.Constructor.newInstanceWithCaller(Constructor.java:500)
at java.base/java.lang.reflect.Constructor.newInstance(Constructor.java:484)
at org.openqa.selenium.remote.codec.w3c.W3CHttpResponseCodec.createException(W3CHttpResponseCodec.java:185)
at org.openqa.selenium.remote.codec.w3c.W3CHttpResponseCodec.decode(W3CHttpResponseCodec.java:134)
at org.openqa.selenium.remote.codec.w3c.W3CHttpResponseCodec.decode(W3CHttpResponseCodec.java:51)
at org.openqa.selenium.remote.HttpCommandExecutor.execute(HttpCommandExecutor.java:190)
at org.openqa.selenium.remote.service.DriverCommandExecutor.invokeExecute(DriverCommandExecutor.java:216)
at org.openqa.selenium.remote.service.DriverCommandExecutor.execute(DriverCommandExecutor.java:174)
at org.openqa.selenium.remote.RemoteWebDriver.execute(RemoteWebDriver.java:519)
at org.openqa.selenium.remote.RemoteWebElement.execute(RemoteWebElement.java:223)
at org.openqa.selenium.remote.RemoteWebElement.click(RemoteWebElement.java:76)
at java.base/jdk.internal.reflect.DirectMethodHandleAccessor.invoke(DirectMethodHandleAccessor.java:104)
at java.base/java.lang.reflect.Method.invoke(Method.java:578)
at org.openqa.selenium.support.pagefactory.internal.LocatingElementHandler.invoke(LocatingElementHandler.java:51)
at jdk.proxy2/jdk.proxy2.$Proxy25.click(Unknown Source)
at com.hackathon.pageObjects.carLoanPage.yearClick(carLoanPage.java:71)
at com.hackathon.stepDefinitions.steps.diplay_monthly_interest_and_principal_amount(steps.java:35)
at âœ½.diplay monthly interest and principal amount(file:///D:/New%20selenium%20project/hackathon/./Features/carloan.feature:11)
]]>
    </error>
  </testcase> <!-- runScenario -->
  <system-out/>
</testsuite> <!-- com.hackathon.testRunner.testRun -->
