<?xml version="1.0" encoding="UTF-8"?>
<!-- Generated by org.testng.reporters.JUnitReportReporter -->
<testsuite hostname="LTIN194046" failures="1" tests="23" name="com.hackathon.testRunner.testRunTestNG" time="83.772" errors="1" timestamp="2024-02-29T08:53:45 IST" skipped="0">
  <testcase classname="com.hackathon.testRunner.testRunTestNG" name="runScenario" time="3.261"/>
  <testcase classname="com.hackathon.testRunner.testRunTestNG" name="runScenario" time="1.139"/>
  <testcase classname="com.hackathon.testRunner.testRunTestNG" name="runScenario" time="2.673"/>
  <testcase classname="com.hackathon.testRunner.testRunTestNG" name="runScenario" time="3.248"/>
  <testcase classname="com.hackathon.testRunner.testRunTestNG" name="runScenario" time="1.414"/>
  <testcase classname="com.hackathon.testRunner.testRunTestNG" name="runScenario" time="6.700"/>
  <testcase classname="com.hackathon.testRunner.testRunTestNG" name="runScenario" time="1.827"/>
  <testcase classname="com.hackathon.testRunner.testRunTestNG" name="runScenario" time="1.483"/>
  <testcase classname="com.hackathon.testRunner.testRunTestNG" name="runScenario" time="2.100"/>
  <testcase classname="com.hackathon.testRunner.testRunTestNG" name="runScenario" time="1.177">
    <failure message="expected [true] but found [false]" type="java.lang.AssertionError">
      <![CDATA[java.lang.AssertionError: expected [true] but found [false]
at org.testng.Assert.fail(Assert.java:111)
at org.testng.Assert.failNotEquals(Assert.java:1578)
at org.testng.Assert.assertEqualsImpl(Assert.java:150)
at org.testng.Assert.assertEquals(Assert.java:132)
at org.testng.Assert.assertEquals(Assert.java:1067)
at org.testng.Assert.assertEquals(Assert.java:1031)
at org.testng.Assert.assertEquals(Assert.java:1077)
at com.hackathon.pageObjects.carLoanPage.schemeCheck(carLoanPage.java:297)
at com.hackathon.stepDefinitions.interestAroundYearRegression.verify_emi_scheme(interestAroundYearRegression.java:88)
at ✽.verify emi scheme(file:///C:/Users/2303908/eclipse-workspace/InterestAroundYear/./Features/interestAmountAroundYearRegression.feature:35)
]]>
    </failure>
  </testcase> <!-- runScenario -->
  <testcase classname="com.hackathon.testRunner.testRunTestNG" name="runScenario" time="7.707"/>
  <testcase classname="com.hackathon.testRunner.testRunTestNG" name="runScenario" time="2.170">
    <error message="Cannot invoke &quot;String.equals(Object)&quot; because &quot;value1&quot; is null" type="java.lang.NullPointerException">
      <![CDATA[java.lang.NullPointerException: Cannot invoke "String.equals(Object)" because "value1" is null
at com.hackathon.pageObjects.homeLoanPage.verifyAllScale(homeLoanPage.java:184)
at com.hackathon.stepDefinitions.interestAroundYearRegression.verify_all_scale_are_working(interestAroundYearRegression.java:78)
at ✽.verify all scale are working(file:///C:/Users/2303908/eclipse-workspace/InterestAroundYear/./Features/interestAmountAroundYearRegression.feature:30)
]]>
    </error>
  </testcase> <!-- runScenario -->
  <testcase classname="com.hackathon.testRunner.testRunTestNG" name="runScenario" time="0.512"/>
  <testcase classname="com.hackathon.testRunner.testRunTestNG" name="runScenario" time="7.635"/>
  <testcase classname="com.hackathon.testRunner.testRunTestNG" name="runScenario" time="1.799"/>
  <testcase classname="com.hackathon.testRunner.testRunTestNG" name="runScenario" time="2.442"/>
  <testcase classname="com.hackathon.testRunner.testRunTestNG" name="runScenario" time="2.208"/>
  <testcase classname="com.hackathon.testRunner.testRunTestNG" name="runScenario" time="0.690"/>
  <testcase classname="com.hackathon.testRunner.testRunTestNG" name="runScenario" time="2.977"/>
  <testcase classname="com.hackathon.testRunner.testRunTestNG" name="runScenario" time="1.660"/>
  <testcase classname="com.hackathon.testRunner.testRunTestNG" name="runScenario" time="18.758"/>
  <testcase classname="com.hackathon.testRunner.testRunTestNG" name="runScenario" time="6.226"/>
  <testcase classname="com.hackathon.testRunner.testRunTestNG" name="runScenario" time="3.966"/>
</testsuite> <!-- com.hackathon.testRunner.testRunTestNG -->
